\BOOKMARK [1][-]{section.1}{\376\377\000E\000i\000n\000f\000\374\000h\000r\000u\000n\000g}{}% 1
\BOOKMARK [2][-]{subsection.1.1}{\376\377\000A\000n\000f\000a\000n\000g\000\040\000d\000e\000s\000\040\000I\000n\000t\000e\000r\000n\000e\000t\000s\000:\000\040\0006\0000\000e\000r\000\040\000J\000a\000h\000r\000e}{section.1}% 2
\BOOKMARK [2][-]{subsection.1.2}{\376\377\000B\000e\000g\000r\000i\000f\000f\000s\000b\000i\000l\000d\000u\000n\000g\000\040\000R\000e\000c\000h\000n\000e\000r\000n\000e\000t\000z\000\040\000u\000n\000d\000\040\000P\000a\000k\000e\000t}{section.1}% 3
\BOOKMARK [2][-]{subsection.1.3}{\376\377\000Z\000e\000n\000t\000r\000a\000l\000e\000\040\000K\000o\000n\000z\000e\000p\000t\000e\000\040\000u\000n\000d\000\040\000P\000r\000o\000b\000l\000e\000m\000e\000\040\000i\000m\000\040\000N\000e\000t\000w\000o\000r\000k\000i\000n\000g}{section.1}% 4
\BOOKMARK [2][-]{subsection.1.4}{\376\377\000I\000n\000t\000e\000r\000n\000e\000t\000:\000\040\000N\000e\000t\000z\000\040\000v\000o\000n\000\040\000N\000e\000t\000z\000e\000n}{section.1}% 5
\BOOKMARK [1][-]{section.2}{\376\377\000P\000r\000o\000t\000o\000k\000o\000l\000l\000m\000e\000c\000h\000a\000n\000i\000s\000m\000e\000n\000\040\0001}{}% 6
\BOOKMARK [2][-]{subsection.2.1}{\376\377\000G\000r\000u\000n\000d\000l\000e\000g\000e\000n\000d\000e\000\040\000B\000e\000g\000r\000i\000f\000f\000e}{section.2}% 7
\BOOKMARK [2][-]{subsection.2.2}{\376\377\000Z\000u\000v\000e\000r\000l\000\344\000s\000s\000i\000g\000k\000e\000i\000t\000\040\000\050\000R\000e\000l\000i\000a\000b\000i\000l\000i\000t\000y\000\051}{section.2}% 8
\BOOKMARK [2][-]{subsection.2.3}{\376\377\000A\000R\000Q\000-\000V\000e\000r\000f\000a\000h\000r\000e\000n}{section.2}% 9
\BOOKMARK [2][-]{subsection.2.4}{\376\377\000F\000l\000u\000s\000s\000k\000o\000n\000t\000r\000o\000l\000l\000e}{section.2}% 10
\BOOKMARK [2][-]{subsection.2.5}{\376\377\000V\000e\000r\000b\000i\000n\000g\000u\000n\000g}{section.2}% 11
\BOOKMARK [1][-]{section.3}{\376\377\000T\000r\000a\000n\000s\000p\000o\000r\000t\000s\000c\000h\000i\000c\000h\000t}{}% 12
\BOOKMARK [2][-]{subsection.3.1}{\376\377\000G\000r\000u\000n\000d\000l\000a\000g\000e\000n}{section.3}% 13
\BOOKMARK [2][-]{subsection.3.2}{\376\377\000C\000l\000i\000e\000n\000t\000-\000S\000e\000r\000v\000e\000r\000\040\000A\000r\000c\000h\000i\000t\000e\000k\000t\000u\000r}{section.3}% 14
\BOOKMARK [2][-]{subsection.3.3}{\376\377\000A\000d\000r\000e\000s\000s\000i\000e\000r\000u\000n\000g}{section.3}% 15
\BOOKMARK [2][-]{subsection.3.4}{\376\377\000U\000D\000P}{section.3}% 16
\BOOKMARK [2][-]{subsection.3.5}{\376\377\000T\000C\000P}{section.3}% 17
\BOOKMARK [1][-]{section.4}{\376\377\000T\000r\000a\000n\000s\000p\000o\000r\000t\000s\000c\000h\000i\000c\000h\000t}{}% 18
\BOOKMARK [1][-]{section.5}{\376\377\000V\000e\000r\000m\000i\000t\000t\000l\000u\000n\000g\000s\000s\000c\000h\000i\000c\000h\000t}{}% 19
\BOOKMARK [1][-]{section.6}{\376\377\000S\000i\000c\000h\000e\000r\000u\000n\000g\000s\000s\000c\000h\000i\000c\000h\000t}{}% 20
\BOOKMARK [1][-]{section.7}{\376\377\000P\000r\000o\000t\000o\000k\000o\000l\000l\000m\000e\000c\000h\000a\000n\000i\000s\000m\000e\000n\000\040\0002}{}% 21
\BOOKMARK [1][-]{section.8}{\376\377\000P\000h\000y\000s\000i\000k\000a\000l\000i\000s\000c\000h\000e\000\040\000S\000c\000h\000i\000c\000h\000t}{}% 22
\BOOKMARK [1][-]{section.9}{\376\377\000A\000n\000w\000e\000n\000d\000u\000n\000g\000s\000s\000c\000h\000i\000c\000h\000t}{}% 23
\BOOKMARK [1][-]{section.10}{\376\377\000N\000e\000t\000z\000s\000i\000c\000h\000e\000r\000h\000e\000i\000t}{}% 24
